Active-HDL 12.0.118.7745 2024-07-06 19:16:53

Elaboration top modules:
Architecture                  TB_ARCHITECTURE(LFU_Policy)


------------------------------------------------------------------------------------------------
Entity     | Architecture    | Library | Info | Compiler Version          | Compilation Options
------------------------------------------------------------------------------------------------
LFU_Policy | TB_ARCHITECTURE | ca      |      | 12.0.118.7745 (Windows64) | -O3
MMU        | Behavioral      | ca      |      | 12.0.118.7745 (Windows64) | -O3
------------------------------------------------------------------------------------------------

------------------------------------------------------------------------------------------------
VHDL Package                 | Library | Info | Compiler Version          | Compilation Options
------------------------------------------------------------------------------------------------
standard                     | std     |      |                           | <unavailable>
TEXTIO                       | std     |      |                           | <unavailable>
std_logic_1164               | ieee    |      |                           | <unavailable>
NUMERIC_STD                  | ieee    |      |                           | <unavailable>
------------------------------------------------------------------------------------------------

------------------------------------------------------------------------------------------------
Library                      | Comment
------------------------------------------------------------------------------------------------
ca                           | None
ieee                         | Standard IEEE packages library
std                          | Standard VHDL library
------------------------------------------------------------------------------------------------


Simulation Options: asim -O5 +access +r +m+LFU_Policy LFU_Policy TB_ARCHITECTURE

